This is pdfTeX, Version 3.14159265-2.6-1.40.21 (TeX Live 2020/W32TeX) (preloaded format=pdflatex 2020.10.24)  26 OCT 2020 13:48
entering extended mode
 restricted \write18 enabled.
 file:line:error style messages enabled.
 %&-line parsing enabled.
**c:/Users/aftab/Documents/_tex-repo/TNSRE-adaptation/generic-color.tex
(c:/Users/aftab/Documents/_tex-repo/TNSRE-adaptation/generic-color.tex
LaTeX2e <2020-02-02> patch level 5
L3 programming layer <2020-03-06> (c:/Users/aftab/Documents/_tex-repo/TNSRE-adaptation/ieeecolor.cls

LaTeX Warning: You have requested document class `ieeecolor',
               but the document class provides `IEEEtran'.

Document Class: IEEEtran 2002/11/18 revision V1.6b by Michael Shell
-- See the "IEEEtran_HOWTO" manual for usage information.
-- The source comments contain changelog notes.
(c:/texlive/2020/texmf-dist/tex/latex/graphics/color.sty
Package: color 2019/11/23 v1.2a Standard LaTeX Color (DPC)
 (c:/texlive/2020/texmf-dist/tex/latex/graphics-cfg/color.cfg
File: color.cfg 2016/01/02 v1.6 sample color configuration
)
Package color Info: Driver file: pdftex.def on input line 147.
 (c:/texlive/2020/texmf-dist/tex/latex/graphics-def/pdftex.def
File: pdftex.def 2018/01/08 v1.0l Graphics/color driver for pdftex
))
\@draftversionrule=\dimen134
\@IEEEtrantmpdimenA=\dimen135
\@IEEEtrantmpdimenB=\dimen136
\@IEEEtrantmpcountA=\count167
\@IEEEtrantmpcountB=\count168
\@IEEEtrantmptoksA=\toks15
LaTeX Font Info:    Trying to load font information for OT1+ptm on input line 834.
 (c:/texlive/2020/texmf-dist/tex/latex/psnfss/ot1ptm.fd
File: ot1ptm.fd 2001/06/04 font definitions for OT1/ptm.
)
\@IEEEnormalsizefontbaselineskip=\skip47

-- This is a 10 point document.
** ATTENTION: Technotes are normally 9pt documents.
\normalsizebaselineskip=\skip48
\normaljot=\skip49
LaTeX Font Info:    Font shape `OT1/ptm/bx/n' in size <5> not available
(Font)              Font shape `OT1/ptm/b/n' tried instead on input line 1180.
LaTeX Font Info:    Font shape `OT1/ptm/bx/it' in size <5> not available
(Font)              Font shape `OT1/ptm/b/it' tried instead on input line 1180.
LaTeX Font Info:    Font shape `OT1/ptm/bx/n' in size <7> not available
(Font)              Font shape `OT1/ptm/b/n' tried instead on input line 1180.
LaTeX Font Info:    Font shape `OT1/ptm/bx/it' in size <7> not available
(Font)              Font shape `OT1/ptm/b/it' tried instead on input line 1180.
LaTeX Font Info:    Font shape `OT1/ptm/bx/n' in size <8> not available
(Font)              Font shape `OT1/ptm/b/n' tried instead on input line 1180.
LaTeX Font Info:    Font shape `OT1/ptm/bx/it' in size <8> not available
(Font)              Font shape `OT1/ptm/b/it' tried instead on input line 1180.
LaTeX Font Info:    Font shape `OT1/ptm/bx/n' in size <9> not available
(Font)              Font shape `OT1/ptm/b/n' tried instead on input line 1180.
LaTeX Font Info:    Font shape `OT1/ptm/bx/it' in size <9> not available
(Font)              Font shape `OT1/ptm/b/it' tried instead on input line 1180.
LaTeX Font Info:    Font shape `OT1/ptm/bx/n' in size <10> not available
(Font)              Font shape `OT1/ptm/b/n' tried instead on input line 1180.
LaTeX Font Info:    Font shape `OT1/ptm/bx/it' in size <10> not available
(Font)              Font shape `OT1/ptm/b/it' tried instead on input line 1180.
LaTeX Font Info:    Font shape `OT1/ptm/bx/n' in size <11> not available
(Font)              Font shape `OT1/ptm/b/n' tried instead on input line 1180.
LaTeX Font Info:    Font shape `OT1/ptm/bx/it' in size <11> not available
(Font)              Font shape `OT1/ptm/b/it' tried instead on input line 1180.
LaTeX Font Info:    Font shape `OT1/ptm/bx/n' in size <12> not available
(Font)              Font shape `OT1/ptm/b/n' tried instead on input line 1180.
LaTeX Font Info:    Font shape `OT1/ptm/bx/it' in size <12> not available
(Font)              Font shape `OT1/ptm/b/it' tried instead on input line 1180.
LaTeX Font Info:    Font shape `OT1/ptm/bx/n' in size <17> not available
(Font)              Font shape `OT1/ptm/b/n' tried instead on input line 1180.
LaTeX Font Info:    Font shape `OT1/ptm/bx/it' in size <17> not available
(Font)              Font shape `OT1/ptm/b/it' tried instead on input line 1180.
LaTeX Font Info:    Font shape `OT1/ptm/bx/n' in size <20> not available
(Font)              Font shape `OT1/ptm/b/n' tried instead on input line 1180.
LaTeX Font Info:    Font shape `OT1/ptm/bx/it' in size <20> not available
(Font)              Font shape `OT1/ptm/b/it' tried instead on input line 1180.
LaTeX Font Info:    Font shape `OT1/ptm/bx/n' in size <24> not available
(Font)              Font shape `OT1/ptm/b/n' tried instead on input line 1180.
LaTeX Font Info:    Font shape `OT1/ptm/bx/it' in size <24> not available
(Font)              Font shape `OT1/ptm/b/it' tried instead on input line 1180.
\IEEEilabelindentA=\dimen137
\IEEEilabelindentB=\dimen138
\IEEEilabelindent=\dimen139
\IEEEelabelindent=\dimen140
\IEEEdlabelindent=\dimen141
\labelindent=\dimen142
\IEEEiednormlabelsep=\dimen143
\IEEEiedmathlabelsep=\dimen144
\IEEEiedtopsep=\skip50
\c@section=\count169
\c@subsection=\count170
\c@subsubsection=\count171
\c@paragraph=\count172
\c@IEEEsubequation=\count173
\abovecaptionskip=\skip51
\belowcaptionskip=\skip52
\figbox=\box45
\c@figure=\count174
\c@query=\count175
\c@qry=\count176
\c@nquery=\count177
\c@tquery=\count178
\c@equery=\count179
\c@eqry=\count180
\c@edquery=\count181
\c@etquery=\count182
\c@table=\count183
\@IEEEeqnnumcols=\count184
\@IEEEeqncolcnt=\count185
\firstpagerule=\skip53
\logowidth=\skip54
\@IEEEtmpitemindent=\dimen145
\c@biography=\count186
\c@edbiography=\count187
LaTeX Info: Redefining \sf on input line 4869.
\@IEEEtranrubishbin=\box46
) (c:/Users/aftab/Documents/_tex-repo/TNSRE-adaptation/generic.sty) (c:/texlive/2020/texmf-dist/tex/latex/cite/cite.sty
LaTeX Info: Redefining \cite on input line 302.
LaTeX Info: Redefining \nocite on input line 332.
Package: cite 2015/02/27  v 5.5
) (c:/texlive/2020/texmf-dist/tex/latex/amsmath/amsmath.sty
Package: amsmath 2020/01/20 v2.17e AMS math features
\@mathmargin=\skip55

For additional information on amsmath, use the `?' option.
(c:/texlive/2020/texmf-dist/tex/latex/amsmath/amstext.sty
Package: amstext 2000/06/29 v2.01 AMS text
 (c:/texlive/2020/texmf-dist/tex/latex/amsmath/amsgen.sty
File: amsgen.sty 1999/11/30 v2.0 generic functions
\@emptytoks=\toks16
\ex@=\dimen146
)) (c:/texlive/2020/texmf-dist/tex/latex/amsmath/amsbsy.sty
Package: amsbsy 1999/11/29 v1.2d Bold Symbols
\pmbraise@=\dimen147
) (c:/texlive/2020/texmf-dist/tex/latex/amsmath/amsopn.sty
Package: amsopn 2016/03/08 v2.02 operator names
)
\inf@bad=\count188
LaTeX Info: Redefining \frac on input line 227.
\uproot@=\count189
\leftroot@=\count190
LaTeX Info: Redefining \overline on input line 389.
\classnum@=\count191
\DOTSCASE@=\count192
LaTeX Info: Redefining \ldots on input line 486.
LaTeX Info: Redefining \dots on input line 489.
LaTeX Info: Redefining \cdots on input line 610.
\Mathstrutbox@=\box47
\strutbox@=\box48
\big@size=\dimen148
LaTeX Font Info:    Redeclaring font encoding OML on input line 733.
LaTeX Font Info:    Redeclaring font encoding OMS on input line 734.
\macc@depth=\count193
\c@MaxMatrixCols=\count194
\dotsspace@=\muskip16
\c@parentequation=\count195
\dspbrk@lvl=\count196
\tag@help=\toks17
\row@=\count197
\column@=\count198
\maxfields@=\count199
\andhelp@=\toks18
\eqnshift@=\dimen149
\alignsep@=\dimen150
\tagshift@=\dimen151
\tagwidth@=\dimen152
\totwidth@=\dimen153
\lineht@=\dimen154
\@envbody=\toks19
\multlinegap=\skip56
\multlinetaggap=\skip57
\mathdisplay@stack=\toks20
LaTeX Info: Redefining \[ on input line 2859.
LaTeX Info: Redefining \] on input line 2860.
) (c:/texlive/2020/texmf-dist/tex/latex/amsfonts/amssymb.sty
Package: amssymb 2013/01/14 v3.01 AMS font symbols
 (c:/texlive/2020/texmf-dist/tex/latex/amsfonts/amsfonts.sty
Package: amsfonts 2013/01/14 v3.01 Basic AMSFonts support
\symAMSa=\mathgroup4
\symAMSb=\mathgroup5
LaTeX Font Info:    Redeclaring math symbol \hbar on input line 98.
LaTeX Font Info:    Overwriting math alphabet `\mathfrak' in version `bold'
(Font)                  U/euf/m/n --> U/euf/b/n on input line 106.
)) (c:/texlive/2020/texmf-dist/tex/latex/algorithms/algorithmic.sty
Package: algorithmic 2009/08/24 v0.1 Document Style `algorithmic'
 (c:/texlive/2020/texmf-dist/tex/latex/base/ifthen.sty
Package: ifthen 2014/09/29 v1.1c Standard LaTeX ifthen package (DPC)
) (c:/texlive/2020/texmf-dist/tex/latex/graphics/keyval.sty
Package: keyval 2014/10/28 v1.15 key=value parser (DPC)
\KV@toks@=\toks21
)
\c@ALC@unique=\count266
\c@ALC@line=\count267
\c@ALC@rem=\count268
\c@ALC@depth=\count269
\ALC@tlm=\skip58
\algorithmicindent=\skip59
) (c:/texlive/2020/texmf-dist/tex/latex/graphics/graphicx.sty
Package: graphicx 2019/11/30 v1.2a Enhanced LaTeX Graphics (DPC,SPQR)
 (c:/texlive/2020/texmf-dist/tex/latex/graphics/graphics.sty
Package: graphics 2019/11/30 v1.4a Standard LaTeX Graphics (DPC,SPQR)
 (c:/texlive/2020/texmf-dist/tex/latex/graphics/trig.sty
Package: trig 2016/01/03 v1.10 sin cos tan (DPC)
) (c:/texlive/2020/texmf-dist/tex/latex/graphics-cfg/graphics.cfg
File: graphics.cfg 2016/06/04 v1.11 sample graphics configuration
)
Package graphics Info: Driver file: pdftex.def on input line 105.
)
\Gin@req@height=\dimen155
\Gin@req@width=\dimen156
) (c:/texlive/2020/texmf-dist/tex/latex/base/textcomp.sty
Package: textcomp 2020/02/02 v2.0n Standard LaTeX package
) (c:/texlive/2020/texmf-dist/tex/latex/hyperref/hyperref.sty
Package: hyperref 2020/01/14 v7.00d Hypertext links for LaTeX
 (c:/texlive/2020/texmf-dist/tex/generic/ltxcmds/ltxcmds.sty
Package: ltxcmds 2019/12/15 v1.24 LaTeX kernel commands for general use (HO)
) (c:/texlive/2020/texmf-dist/tex/generic/iftex/iftex.sty
Package: iftex 2020/03/06 v1.0d TeX engine tests
) (c:/texlive/2020/texmf-dist/tex/latex/pdftexcmds/pdftexcmds.sty
Package: pdftexcmds 2019/11/24 v0.31 Utility functions of pdfTeX for LuaTeX (HO)
 (c:/texlive/2020/texmf-dist/tex/generic/infwarerr/infwarerr.sty
Package: infwarerr 2019/12/03 v1.5 Providing info/warning/error messages (HO)
)
Package pdftexcmds Info: \pdf@primitive is available.
Package pdftexcmds Info: \pdf@ifprimitive is available.
Package pdftexcmds Info: \pdfdraftmode found.
) (c:/texlive/2020/texmf-dist/tex/generic/kvsetkeys/kvsetkeys.sty
Package: kvsetkeys 2019/12/15 v1.18 Key value parser (HO)
) (c:/texlive/2020/texmf-dist/tex/generic/kvdefinekeys/kvdefinekeys.sty
Package: kvdefinekeys 2019-12-19 v1.6 Define keys (HO)
) (c:/texlive/2020/texmf-dist/tex/generic/pdfescape/pdfescape.sty
Package: pdfescape 2019/12/09 v1.15 Implements pdfTeX's escape features (HO)
) (c:/texlive/2020/texmf-dist/tex/latex/hycolor/hycolor.sty
Package: hycolor 2020-01-27 v1.10 Color options for hyperref/bookmark (HO)
) (c:/texlive/2020/texmf-dist/tex/latex/letltxmacro/letltxmacro.sty
Package: letltxmacro 2019/12/03 v1.6 Let assignment for LaTeX macros (HO)
) (c:/texlive/2020/texmf-dist/tex/latex/auxhook/auxhook.sty
Package: auxhook 2019-12-17 v1.6 Hooks for auxiliary files (HO)
) (c:/texlive/2020/texmf-dist/tex/latex/kvoptions/kvoptions.sty
Package: kvoptions 2019/11/29 v3.13 Key value format for package options (HO)
)
\@linkdim=\dimen157
\Hy@linkcounter=\count270
\Hy@pagecounter=\count271
 (c:/texlive/2020/texmf-dist/tex/latex/hyperref/pd1enc.def
File: pd1enc.def 2020/01/14 v7.00d Hyperref: PDFDocEncoding definition (HO)
Now handling font encoding PD1 ...
... no UTF-8 mapping file for font encoding PD1
) (c:/texlive/2020/texmf-dist/tex/generic/intcalc/intcalc.sty
Package: intcalc 2019/12/15 v1.3 Expandable calculations with integers (HO)
) (c:/texlive/2020/texmf-dist/tex/generic/etexcmds/etexcmds.sty
Package: etexcmds 2019/12/15 v1.7 Avoid name clashes with e-TeX commands (HO)
)
\Hy@SavedSpaceFactor=\count272
Package hyperref Info: Hyper figures OFF on input line 4547.
Package hyperref Info: Link nesting OFF on input line 4552.
Package hyperref Info: Hyper index ON on input line 4555.
Package hyperref Info: Plain pages OFF on input line 4562.
Package hyperref Info: Backreferencing OFF on input line 4567.
Package hyperref Info: Implicit mode ON; LaTeX internals redefined.
Package hyperref Info: Bookmarks ON on input line 4800.
\c@Hy@tempcnt=\count273
 (c:/texlive/2020/texmf-dist/tex/latex/url/url.sty
\Urlmuskip=\muskip17
Package: url 2013/09/16  ver 3.4  Verb mode for urls, etc.
)
LaTeX Info: Redefining \url on input line 5159.
\XeTeXLinkMargin=\dimen158
 (c:/texlive/2020/texmf-dist/tex/generic/bitset/bitset.sty
Package: bitset 2019/12/09 v1.3 Handle bit-vector datatype (HO)
 (c:/texlive/2020/texmf-dist/tex/generic/bigintcalc/bigintcalc.sty
Package: bigintcalc 2019/12/15 v1.5 Expandable calculations on big integers (HO)
))
\Fld@menulength=\count274
\Field@Width=\dimen159
\Fld@charsize=\dimen160
Package hyperref Info: Hyper figures OFF on input line 6430.
Package hyperref Info: Link nesting OFF on input line 6435.
Package hyperref Info: Hyper index ON on input line 6438.
Package hyperref Info: backreferencing OFF on input line 6445.
Package hyperref Info: Link coloring OFF on input line 6450.
Package hyperref Info: Link coloring with OCG OFF on input line 6455.
Package hyperref Info: PDF/A mode OFF on input line 6460.
LaTeX Info: Redefining \ref on input line 6500.
LaTeX Info: Redefining \pageref on input line 6504.
 (c:/texlive/2020/texmf-dist/tex/generic/atbegshi/atbegshi.sty
Package: atbegshi 2019/12/05 v1.19 At begin shipout hook (HO)
)
\Hy@abspage=\count275
\c@Item=\count276
\c@Hfootnote=\count277
)
Package hyperref Info: Driver (autodetected): hpdftex.
 (c:/texlive/2020/texmf-dist/tex/latex/hyperref/hpdftex.def
File: hpdftex.def 2020/01/14 v7.00d Hyperref driver for pdfTeX
 (c:/texlive/2020/texmf-dist/tex/latex/atveryend/atveryend.sty
Package: atveryend 2019-12-11 v1.11 Hooks at the very end of document (HO)
Package atveryend Info: \enddocument detected (standard20110627).
)
\Fld@listcount=\count278
\c@bookmark@seq@number=\count279
 (c:/texlive/2020/texmf-dist/tex/latex/rerunfilecheck/rerunfilecheck.sty
Package: rerunfilecheck 2019/12/05 v1.9 Rerun checks for auxiliary files (HO)
 (c:/texlive/2020/texmf-dist/tex/generic/uniquecounter/uniquecounter.sty
Package: uniquecounter 2019/12/15 v1.4 Provide unlimited unique counter (HO)
)
Package uniquecounter Info: New unique counter `rerunfilecheck' on input line 286.
)
\Hy@SectionHShift=\skip60
) (c:/texlive/2020/texmf-dist/tex/latex/base/fontenc.sty
Package: fontenc 2020/02/11 v2.0o Standard LaTeX package
LaTeX Font Info:    Trying to load font information for T1+ptm on input line 112.
 (c:/texlive/2020/texmf-dist/tex/latex/psnfss/t1ptm.fd
File: t1ptm.fd 2001/06/04 font definitions for T1/ptm.
)) (c:/texlive/2020/texmf-dist/tex/latex/l3backend/l3backend-pdfmode.def
File: l3backend-pdfmode.def 2020-03-12 L3 backend support: PDF mode
\l__kernel_color_stack_int=\count280
\l__pdf_internal_box=\box49
) (c:/Users/aftab/Documents/_tex-repo/TNSRE-adaptation/generic-color.aux

LaTeX Warning: Label `sec:methods' multiply defined.


LaTeX Warning: Label `fig8' multiply defined.

)
\openout1 = `generic-color.aux'.

LaTeX Font Info:    Checking defaults for OML/cmm/m/it on input line 18.
LaTeX Font Info:    ... okay on input line 18.
LaTeX Font Info:    Checking defaults for OMS/cmsy/m/n on input line 18.
LaTeX Font Info:    ... okay on input line 18.
LaTeX Font Info:    Checking defaults for OT1/cmr/m/n on input line 18.
LaTeX Font Info:    ... okay on input line 18.
LaTeX Font Info:    Checking defaults for T1/cmr/m/n on input line 18.
LaTeX Font Info:    ... okay on input line 18.
LaTeX Font Info:    Checking defaults for TS1/cmr/m/n on input line 18.
LaTeX Font Info:    ... okay on input line 18.
LaTeX Font Info:    Checking defaults for OMX/cmex/m/n on input line 18.
LaTeX Font Info:    ... okay on input line 18.
LaTeX Font Info:    Checking defaults for U/cmr/m/n on input line 18.
LaTeX Font Info:    ... okay on input line 18.
LaTeX Font Info:    Checking defaults for PD1/pdf/m/n on input line 18.
LaTeX Font Info:    ... okay on input line 18.
 (c:/texlive/2020/texmf-dist/tex/context/base/mkii/supp-pdf.mkii
[Loading MPS to PDF converter (version 2006.09.02).]
\scratchcounter=\count281
\scratchdimen=\dimen161
\scratchbox=\box50
\nofMPsegments=\count282
\nofMParguments=\count283
\everyMPshowfont=\toks22
\MPscratchCnt=\count284
\MPscratchDim=\dimen162
\MPnumerator=\count285
\makeMPintoPDFobject=\count286
\everyMPtoPDFconversion=\toks23
) (c:/texlive/2020/texmf-dist/tex/latex/epstopdf-pkg/epstopdf-base.sty
Package: epstopdf-base 2020-01-24 v2.11 Base part for package epstopdf
 (c:/texlive/2020/texmf-dist/tex/latex/grfext/grfext.sty
Package: grfext 2019/12/03 v1.3 Manage graphics extensions (HO)
)
Package epstopdf-base Info: Redefining graphics rule for `.eps' on input line 485.
Package grfext Info: Graphics extension search list:
(grfext)             [.pdf,.png,.jpg,.mps,.jpeg,.jbig2,.jb2,.PDF,.PNG,.JPG,.JPEG,.JBIG2,.JB2,.eps]
(grfext)             \AppendGraphicsExtensions on input line 504.
 (c:/texlive/2020/texmf-dist/tex/latex/latexconfig/epstopdf-sys.cfg
File: epstopdf-sys.cfg 2010/07/13 v1.3 Configuration of (r)epstopdf for TeX Live
))
\AtBeginShipoutBox=\box51
Package hyperref Info: Link coloring OFF on input line 18.
 (c:/texlive/2020/texmf-dist/tex/latex/hyperref/nameref.sty
Package: nameref 2019/09/16 v2.46 Cross-referencing by name of section
 (c:/texlive/2020/texmf-dist/tex/latex/refcount/refcount.sty
Package: refcount 2019/12/15 v3.6 Data extraction from label references (HO)
) (c:/texlive/2020/texmf-dist/tex/generic/gettitlestring/gettitlestring.sty
Package: gettitlestring 2019/12/15 v1.6 Cleanup title references (HO)
)
\c@section@level=\count287
)
LaTeX Info: Redefining \ref on input line 18.
LaTeX Info: Redefining \pageref on input line 18.
LaTeX Info: Redefining \nameref on input line 18.
 (c:/Users/aftab/Documents/_tex-repo/TNSRE-adaptation/generic-color.out) (c:/Users/aftab/Documents/_tex-repo/TNSRE-adaptation/generic-color.out)
\@outlinefile=\write3
\openout3 = `generic-color.out'.

Package color Info: Redefining color nblue on input line 28.
LaTeX Font Info:    Trying to load font information for T1+phv on input line 28.
 (c:/texlive/2020/texmf-dist/tex/latex/psnfss/t1phv.fd
File: t1phv.fd 2001/06/04 scalable font definitions for T1/phv.


LaTeX Warning: Font shape declaration has incorrect series value `mc'.
               It should not contain an `m'! Please correct it.
               Found on input line 20.


LaTeX Warning: Font shape declaration has incorrect series value `mc'.
               It should not contain an `m'! Please correct it.
               Found on input line 23.


LaTeX Warning: Font shape declaration has incorrect series value `mc'.
               It should not contain an `m'! Please correct it.
               Found on input line 26.


LaTeX Warning: Font shape declaration has incorrect series value `mc'.
               It should not contain an `m'! Please correct it.
               Found on input line 46.

)
LaTeX Font Info:    Font shape `T1/phv/m/it' in size <11> not available
(Font)              Font shape `T1/phv/m/sl' tried instead on input line 28.
Package color Info: Redefining color nblue on input line 28.
LaTeX Font Info:    Trying to load font information for U+msa on input line 28.
 (c:/texlive/2020/texmf-dist/tex/latex/amsfonts/umsa.fd
File: umsa.fd 2013/01/14 v3.01 AMS symbols A
)
LaTeX Font Info:    Trying to load font information for U+msb on input line 28.
 (c:/texlive/2020/texmf-dist/tex/latex/amsfonts/umsb.fd
File: umsb.fd 2013/01/14 v3.01 AMS symbols B
)
Package color Info: Redefining color nblue on input line 29.
Package color Info: Redefining color mblue on input line 29.
LaTeX Font Info:    Font shape `T1/phv/b/it' in size <8> not available
(Font)              Font shape `T1/phv/b/sl' tried instead on input line 29.
Package color Info: Redefining color nblue on input line 33.
Package color Info: Redefining color mblue on input line 33.
LaTeX Font Info:    Font shape `T1/phv/b/it' in size <10> not available
(Font)              Font shape `T1/phv/b/sl' tried instead on input line 33.
Package epstopdf Info: Source file: <LOGO-generic-web.eps>
(epstopdf)                    date: 2020-10-26 13:47:14
(epstopdf)                    size: 98268 bytes
(epstopdf)             Output file: <LOGO-generic-web-eps-converted-to.pdf>
(epstopdf)                    date: 2020-10-26 13:47:14
(epstopdf)                    size: 6976 bytes
(epstopdf)             Command: <repstopdf --outfile=LOGO-generic-web-eps-converted-to.pdf LOGO-generic-web.eps>
(epstopdf)             \includegraphics on input line 46.
Package epstopdf Info: Output file is already uptodate.
<LOGO-generic-web-eps-converted-to.pdf, id=80, 55.20625pt x 34.1275pt>
File: LOGO-generic-web-eps-converted-to.pdf Graphic file (type pdf)
<use LOGO-generic-web-eps-converted-to.pdf>
Package pdftex.def Info: LOGO-generic-web-eps-converted-to.pdf  used on input line 46.
(pdftex.def)             Requested size: 48.0pt x 29.674pt.

Overfull \hbox (259.0pt too wide) has occurred while \output is active
[][] 
 []


Overfull \hbox (12.0pt too wide) has occurred while \output is active
[] [] [] 
 []


Underfull \hbox (badness 10000) has occurred while \output is active
[]
 []


Overfull \vbox (24.04826pt too high) has occurred while \output is active []

 [1{c:/texlive/2020/texmf-var/fonts/map/pdftex/updmap/pdftex.map}


 <c:/Users/aftab/Documents/_tex-repo/TNSRE-adaptation/LOGO-generic-web-eps-converted-to.pdf>]
<figures/01_device-protocol_errorMetric.jpg, id=96, 238.7319pt x 335.8146pt>
File: figures/01_device-protocol_errorMetric.jpg Graphic file (type jpg)
<use figures/01_device-protocol_errorMetric.jpg>
Package pdftex.def Info: figures/01_device-protocol_errorMetric.jpg  used on input line 50.
(pdftex.def)             Requested size: 238.73131pt x 335.81378pt.
LaTeX Font Info:    Trying to load font information for TS1+ptm on input line 57.
 (c:/texlive/2020/texmf-dist/tex/latex/psnfss/ts1ptm.fd
File: ts1ptm.fd 2001/06/04 font definitions for TS1/ptm.
)
LaTeX Font Info:    Font shape `T1/phv/m/it' in size <10> not available
(Font)              Font shape `T1/phv/m/sl' tried instead on input line 59.
<figures/02_error_metrics.jpg, id=97, 202.356pt x 202.8378pt>
File: figures/02_error_metrics.jpg Graphic file (type jpg)
<use figures/02_error_metrics.jpg>
Package pdftex.def Info: figures/02_error_metrics.jpg  used on input line 66.
(pdftex.def)             Requested size: 202.3555pt x 202.8373pt.
LaTeX Font Info:    Font shape `T1/phv/m/it' in size <9> not available
(Font)              Font shape `T1/phv/m/sl' tried instead on input line 71.

Overfull \vbox (5.0pt too high) has occurred while \output is active []

 [2

pdfTeX warning: pdflatex.exe: pop empty color page stack 0


pdfTeX warning: pdflatex.exe: pop empty color page stack 0


pdfTeX warning: pdflatex.exe: pop empty color page stack 0


pdfTeX warning: pdflatex.exe: pop empty color page stack 0


pdfTeX warning: pdflatex.exe: pop empty color page stack 0
 <c:/Users/aftab/Documents/_tex-repo/TNSRE-adaptation/figures/01_device-protocol_errorMetric.jpg>]
<figures/03_EEG workflow.jpg, id=103, 462.528pt x 105.996pt>
File: figures/03_EEG workflow.jpg Graphic file (type jpg)
<use figures/03_EEG workflow.jpg>
Package pdftex.def Info: figures/03_EEG workflow.jpg  used on input line 85.
(pdftex.def)             Requested size: 462.52686pt x 105.99573pt.

Overfull \vbox (5.0pt too high) has occurred while \output is active []

 [3

pdfTeX warning: pdflatex.exe: pop empty color page stack 0


pdfTeX warning: pdflatex.exe: pop empty color page stack 0


pdfTeX warning: pdflatex.exe: pop empty color page stack 0
 <c:/Users/aftab/Documents/_tex-repo/TNSRE-adaptation/figures/02_error_metrics.jpg>]
<figures/04_error-result-r2.jpg, id=111, 506.1309pt x 219.9417pt>
File: figures/04_error-result-r2.jpg Graphic file (type jpg)
<use figures/04_error-result-r2.jpg>
Package pdftex.def Info: figures/04_error-result-r2.jpg  used on input line 99.
(pdftex.def)             Requested size: 506.12965pt x 219.94115pt.

Overfull \vbox (5.0pt too high) has occurred while \output is active []

 [4

pdfTeX warning: pdflatex.exe: pop empty color page stack 0


pdfTeX warning: pdflatex.exe: pop empty color page stack 0


pdfTeX warning: pdflatex.exe: pop empty color page stack 0
 <c:/Users/aftab/Documents/_tex-repo/TNSRE-adaptation/figures/03_EEG workflow.jpg>]
<figures/05_dipole locations_70p.jpg, id=117, 505.89pt x 144.54pt>
File: figures/05_dipole locations_70p.jpg Graphic file (type jpg)
<use figures/05_dipole locations_70p.jpg>
Package pdftex.def Info: figures/05_dipole locations_70p.jpg  used on input line 123.
(pdftex.def)             Requested size: 505.88875pt x 144.53963pt.

Overfull \vbox (5.0pt too high) has occurred while \output is active []

 [5

pdfTeX warning: pdflatex.exe: pop empty color page stack 0


pdfTeX warning: pdflatex.exe: pop empty color page stack 0


pdfTeX warning: pdflatex.exe: pop empty color page stack 0
 <c:/Users/aftab/Documents/_tex-repo/TNSRE-adaptation/figures/04_error-result-r2.jpg>]
<figures/hyp1and2.jpg, id=123, 505.89pt x 459.1554pt>
File: figures/hyp1and2.jpg Graphic file (type jpg)
<use figures/hyp1and2.jpg>
Package pdftex.def Info: figures/hyp1and2.jpg  used on input line 139.
(pdftex.def)             Requested size: 505.88875pt x 459.15427pt.
<figures/hyp3 - perturb timing.jpg, id=124, 253.1859pt x 379.6584pt>
File: figures/hyp3 - perturb timing.jpg Graphic file (type jpg)
<use figures/hyp3 - perturb timing.jpg>
Package pdftex.def Info: figures/hyp3 - perturb timing.jpg  used on input line 145.
(pdftex.def)             Requested size: 253.18527pt x 379.65747pt.

Overfull \vbox (5.0pt too high) has occurred while \output is active []

 [6

pdfTeX warning: pdflatex.exe: pop empty color page stack 0


pdfTeX warning: pdflatex.exe: pop empty color page stack 0


pdfTeX warning: pdflatex.exe: pop empty color page stack 0
 <c:/Users/aftab/Documents/_tex-repo/TNSRE-adaptation/figures/05_dipole locations_70p.jpg>]
Underfull \vbox (badness 10000) has occurred while \output is active []


Overfull \vbox (5.0pt too high) has occurred while \output is active []

 [7

pdfTeX warning: pdflatex.exe: pop empty color page stack 0


pdfTeX warning: pdflatex.exe: pop empty color page stack 0


pdfTeX warning: pdflatex.exe: pop empty color page stack 0
 <c:/Users/aftab/Documents/_tex-repo/TNSRE-adaptation/figures/hyp1and2.jpg>]
<figures/hyp4- lateraliztion.jpg, id=136, 253.1859pt x 367.8543pt>
File: figures/hyp4- lateraliztion.jpg Graphic file (type jpg)
<use figures/hyp4- lateraliztion.jpg>
Package pdftex.def Info: figures/hyp4- lateraliztion.jpg  used on input line 167.
(pdftex.def)             Requested size: 253.18527pt x 367.85338pt.

Overfull \vbox (5.0pt too high) has occurred while \output is active []

 [8

pdfTeX warning: pdflatex.exe: pop empty color page stack 0


pdfTeX warning: pdflatex.exe: pop empty color page stack 0


pdfTeX warning: pdflatex.exe: pop empty color page stack 0
 <c:/Users/aftab/Documents/_tex-repo/TNSRE-adaptation/figures/hyp3 - perturb timing.jpg>]
Underfull \vbox (badness 1406) has occurred while \output is active []

 (c:/Users/aftab/Documents/_tex-repo/TNSRE-adaptation/generic-color.bbl
Overfull \vbox (5.0pt too high) has occurred while \output is active []

 [9

pdfTeX warning: pdflatex.exe: pop empty color page stack 0


pdfTeX warning: pdflatex.exe: pop empty color page stack 0


pdfTeX warning: pdflatex.exe: pop empty color page stack 0
 <c:/Users/aftab/Documents/_tex-repo/TNSRE-adaptation/figures/hyp4- lateraliztion.jpg>]
Underfull \hbox (badness 1783) in paragraph at lines 76--80
[]\T1/ptm/m/n/8 L. Marchal-Crespo, L. Michels, L. Jaeger, J. López-Olóriz, and
 []

LaTeX Font Info:    Trying to load font information for T1+pcr on input line 149.
(c:/texlive/2020/texmf-dist/tex/latex/psnfss/t1pcr.fd
File: t1pcr.fd 2001/06/04 font definitions for T1/pcr.
))
Package atveryend Info: Empty hook `BeforeClearDocument' on input line 187.

Overfull \vbox (5.0pt too high) has occurred while \output is active []

 [10]
Package atveryend Info: Empty hook `AfterLastShipout' on input line 187.
 (c:/Users/aftab/Documents/_tex-repo/TNSRE-adaptation/generic-color.aux)
Package atveryend Info: Executing hook `AtVeryEndDocument' on input line 187.
Package atveryend Info: Executing hook `AtEndAfterFileList' on input line 187.
Package rerunfilecheck Info: File `generic-color.out' has not changed.
(rerunfilecheck)             Checksum: 3C79BEFE8B913D85F448DB682B22E8CF;1648.


LaTeX Warning: There were multiply-defined labels.

Package atveryend Info: Empty hook `AtVeryVeryEnd' on input line 187.
 ) 
Here is how much of TeX's memory you used:
 7944 strings out of 480608
 117695 string characters out of 5907550
 396121 words of memory out of 5000000
 23558 multiletter control sequences out of 15000+600000
 685308 words of font info for 165 fonts, out of 8000000 for 9000
 1141 hyphenation exceptions out of 8191
 34i,19n,31p,2003b,451s stack positions out of 5000i,500n,10000p,200000b,80000s
{c:/texlive/2020/texmf-dist/fonts/enc/dvips/base/8r.enc}<c:/texlive/2020/texmf-dist/fonts/type1/public/amsfonts/cm/cmmi8.pfb><c:/texlive/2020/texmf-dist/fonts/type1/urw/courier/ucrr8a.pfb><c:/texlive/2020/texmf-dist/fonts/type1/urw/helvetic/uhvb8a.pfb><c:/texlive/2020/texmf-dist/fonts/type1/urw/helvetic/uhvbo8a.pfb><c:/texlive/2020/texmf-dist/fonts/type1/urw/helvetic/uhvr8a.pfb><c:/texlive/2020/texmf-dist/fonts/type1/urw/helvetic/uhvro8a.pfb><c:/texlive/2020/texmf-dist/fonts/type1/urw/times/utmb8a.pfb><c:/texlive/2020/texmf-dist/fonts/type1/urw/times/utmr8a.pfb><c:/texlive/2020/texmf-dist/fonts/type1/urw/times/utmri8a.pfb>
Output written on c:/Users/aftab/Documents/_tex-repo/TNSRE-adaptation/generic-color.pdf (10 pages, 5033855 bytes).
PDF statistics:
 260 PDF objects out of 1000 (max. 8388607)
 226 compressed objects within 3 object streams
 89 named destinations out of 1000 (max. 500000)
 198 words of extra memory for PDF output out of 10000 (max. 10000000)

